   0  $accept : programa $end

   1  programa : definiciones

   2  definiciones :
   3               | definiciones definicion

   4  definicion : definicionVariable
   5             | definicionFuncion
   6             | definicionEstructura

   7  definicionVariable : "VAR" "IDENT" ':' tipo ';'

   8  tipo : "INT"
   9       | "REAL"
  10       | "CHARACTER"
  11       | "IDENT"
  12       | '[' "LITERALINT" ']' tipo

  13  definicionEstructura : "STRUCT" "IDENT" '{' definicionCampos '}' ';'

  14  definicionCampos :
  15                   | definicionCampos definicionCampo

  16  definicionCampo : "IDENT" ':' tipo ';'

  17  definicionFuncion : "IDENT" '(' parametrosFuncion ')' retorno '{' cuerpo '}'

  18  retorno :
  19          | ':' tipo

  20  parametrosFuncion :
  21                    | parametroFuncion

  22  parametroFuncion : definicionparametroFuncion
  23                   | parametroFuncion ',' definicionparametroFuncion

  24  definicionparametroFuncion : "IDENT" ':' tipo

  25  cuerpo : definicionVariablesFuncion sentencias

  26  definicionVariablesFuncion :
  27                             | definicionVariablesFuncion definicionVariable

  28  sentencias :
  29             | sentencias sentencia

  30  sentencia : "WHILE" '(' expresion ')' '{' sentencias '}'
  31            | "IF" '(' expresion ')' '{' sentencias '}'
  32            | "IF" '(' expresion ')' '{' sentencias '}' "ELSE" '{' sentencias '}'
  33            | "RETURN" ';'
  34            | "RETURN" expresion ';'
  35            | "READ" expresion ';'
  36            | "PRINT" expresion ';'
  37            | "PRINTSP" expresion ';'
  38            | "PRINTLN" expresion ';'
  39            | "IDENT" '(' argumentosLlamadaFuncion ')' ';'
  40            | expresion '=' expresion ';'

  41  expresion : '(' expresion ')'
  42            | expresion '+' expresion
  43            | expresion '-' expresion
  44            | expresion '*' expresion
  45            | expresion '/' expresion
  46            | expresion '>' expresion
  47            | expresion '<' expresion
  48            | expresion "IGUAL" expresion
  49            | expresion "AND" expresion
  50            | expresion "OR" expresion
  51            | expresion "MAYORIGUAL" expresion
  52            | expresion "DISTINTO" expresion
  53            | expresion "MENORIGUAL" expresion
  54            | "CAST" '<' tipo '>' '(' expresion ')'
  55            | "LITERALINT"
  56            | "LITERALREAL"
  57            | "LITERALCHAR"
  58            | "IDENT"
  59            | "IDENT" '(' argumentosLlamadaFuncion ')'
  60            | expresion '[' expresion ']'
  61            | expresion '.' "IDENT"
  62            | '!' expresion

  63  argumentosLlamadaFuncion :
  64                           | argumentoLlamadaFuncion

  65  argumentoLlamadaFuncion : expresion
  66                          | argumentoLlamadaFuncion ',' expresion

state 0
	$accept : . programa $end  (0)
	definiciones : .  (2)

	.  reduce 2

	programa  goto 1
	definiciones  goto 2


state 1
	$accept : programa . $end  (0)

	$end  accept


state 2
	programa : definiciones .  (1)
	definiciones : definiciones . definicion  (3)

	"VAR"  shift 3
	"IDENT"  shift 4
	"STRUCT"  shift 5
	$end  reduce 1

	definicion  goto 6
	definicionVariable  goto 7
	definicionFuncion  goto 8
	definicionEstructura  goto 9


state 3
	definicionVariable : "VAR" . "IDENT" ':' tipo ';'  (7)

	"IDENT"  shift 10
	.  error


state 4
	definicionFuncion : "IDENT" . '(' parametrosFuncion ')' retorno '{' cuerpo '}'  (17)

	'('  shift 11
	.  error


state 5
	definicionEstructura : "STRUCT" . "IDENT" '{' definicionCampos '}' ';'  (13)

	"IDENT"  shift 12
	.  error


state 6
	definiciones : definiciones definicion .  (3)

	.  reduce 3


state 7
	definicion : definicionVariable .  (4)

	.  reduce 4


state 8
	definicion : definicionFuncion .  (5)

	.  reduce 5


state 9
	definicion : definicionEstructura .  (6)

	.  reduce 6


state 10
	definicionVariable : "VAR" "IDENT" . ':' tipo ';'  (7)

	':'  shift 13
	.  error


state 11
	definicionFuncion : "IDENT" '(' . parametrosFuncion ')' retorno '{' cuerpo '}'  (17)
	parametrosFuncion : .  (20)

	"IDENT"  shift 14
	')'  reduce 20

	parametrosFuncion  goto 15
	parametroFuncion  goto 16
	definicionparametroFuncion  goto 17


state 12
	definicionEstructura : "STRUCT" "IDENT" . '{' definicionCampos '}' ';'  (13)

	'{'  shift 18
	.  error


state 13
	definicionVariable : "VAR" "IDENT" ':' . tipo ';'  (7)

	'['  shift 19
	"IDENT"  shift 20
	"INT"  shift 21
	"REAL"  shift 22
	"CHARACTER"  shift 23
	.  error

	tipo  goto 24


state 14
	definicionparametroFuncion : "IDENT" . ':' tipo  (24)

	':'  shift 25
	.  error


state 15
	definicionFuncion : "IDENT" '(' parametrosFuncion . ')' retorno '{' cuerpo '}'  (17)

	')'  shift 26
	.  error


state 16
	parametrosFuncion : parametroFuncion .  (21)
	parametroFuncion : parametroFuncion . ',' definicionparametroFuncion  (23)

	','  shift 27
	')'  reduce 21


state 17
	parametroFuncion : definicionparametroFuncion .  (22)

	.  reduce 22


state 18
	definicionEstructura : "STRUCT" "IDENT" '{' . definicionCampos '}' ';'  (13)
	definicionCampos : .  (14)

	.  reduce 14

	definicionCampos  goto 28


state 19
	tipo : '[' . "LITERALINT" ']' tipo  (12)

	"LITERALINT"  shift 29
	.  error


state 20
	tipo : "IDENT" .  (11)

	.  reduce 11


state 21
	tipo : "INT" .  (8)

	.  reduce 8


state 22
	tipo : "REAL" .  (9)

	.  reduce 9


state 23
	tipo : "CHARACTER" .  (10)

	.  reduce 10


state 24
	definicionVariable : "VAR" "IDENT" ':' tipo . ';'  (7)

	';'  shift 30
	.  error


state 25
	definicionparametroFuncion : "IDENT" ':' . tipo  (24)

	'['  shift 19
	"IDENT"  shift 20
	"INT"  shift 21
	"REAL"  shift 22
	"CHARACTER"  shift 23
	.  error

	tipo  goto 31


state 26
	definicionFuncion : "IDENT" '(' parametrosFuncion ')' . retorno '{' cuerpo '}'  (17)
	retorno : .  (18)

	':'  shift 32
	'{'  reduce 18

	retorno  goto 33


state 27
	parametroFuncion : parametroFuncion ',' . definicionparametroFuncion  (23)

	"IDENT"  shift 14
	.  error

	definicionparametroFuncion  goto 34


state 28
	definicionEstructura : "STRUCT" "IDENT" '{' definicionCampos . '}' ';'  (13)
	definicionCampos : definicionCampos . definicionCampo  (15)

	"IDENT"  shift 35
	'}'  shift 36
	.  error

	definicionCampo  goto 37


state 29
	tipo : '[' "LITERALINT" . ']' tipo  (12)

	']'  shift 38
	.  error


state 30
	definicionVariable : "VAR" "IDENT" ':' tipo ';' .  (7)

	.  reduce 7


state 31
	definicionparametroFuncion : "IDENT" ':' tipo .  (24)

	.  reduce 24


state 32
	retorno : ':' . tipo  (19)

	'['  shift 19
	"IDENT"  shift 20
	"INT"  shift 21
	"REAL"  shift 22
	"CHARACTER"  shift 23
	.  error

	tipo  goto 39


state 33
	definicionFuncion : "IDENT" '(' parametrosFuncion ')' retorno . '{' cuerpo '}'  (17)

	'{'  shift 40
	.  error


state 34
	parametroFuncion : parametroFuncion ',' definicionparametroFuncion .  (23)

	.  reduce 23


state 35
	definicionCampo : "IDENT" . ':' tipo ';'  (16)

	':'  shift 41
	.  error


state 36
	definicionEstructura : "STRUCT" "IDENT" '{' definicionCampos '}' . ';'  (13)

	';'  shift 42
	.  error


state 37
	definicionCampos : definicionCampos definicionCampo .  (15)

	.  reduce 15


state 38
	tipo : '[' "LITERALINT" ']' . tipo  (12)

	'['  shift 19
	"IDENT"  shift 20
	"INT"  shift 21
	"REAL"  shift 22
	"CHARACTER"  shift 23
	.  error

	tipo  goto 43


state 39
	retorno : ':' tipo .  (19)

	.  reduce 19


state 40
	definicionFuncion : "IDENT" '(' parametrosFuncion ')' retorno '{' . cuerpo '}'  (17)
	definicionVariablesFuncion : .  (26)

	.  reduce 26

	cuerpo  goto 44
	definicionVariablesFuncion  goto 45


state 41
	definicionCampo : "IDENT" ':' . tipo ';'  (16)

	'['  shift 19
	"IDENT"  shift 20
	"INT"  shift 21
	"REAL"  shift 22
	"CHARACTER"  shift 23
	.  error

	tipo  goto 46


state 42
	definicionEstructura : "STRUCT" "IDENT" '{' definicionCampos '}' ';' .  (13)

	.  reduce 13


state 43
	tipo : '[' "LITERALINT" ']' tipo .  (12)

	.  reduce 12


state 44
	definicionFuncion : "IDENT" '(' parametrosFuncion ')' retorno '{' cuerpo . '}'  (17)

	'}'  shift 47
	.  error


state 45
	cuerpo : definicionVariablesFuncion . sentencias  (25)
	definicionVariablesFuncion : definicionVariablesFuncion . definicionVariable  (27)
	sentencias : .  (28)

	"VAR"  shift 3
	'!'  reduce 28
	'('  reduce 28
	"IDENT"  reduce 28
	"LITERALINT"  reduce 28
	'}'  reduce 28
	"WHILE"  reduce 28
	"IF"  reduce 28
	"RETURN"  reduce 28
	"READ"  reduce 28
	"PRINT"  reduce 28
	"PRINTSP"  reduce 28
	"PRINTLN"  reduce 28
	"CAST"  reduce 28
	"LITERALREAL"  reduce 28
	"LITERALCHAR"  reduce 28

	definicionVariable  goto 48
	sentencias  goto 49


state 46
	definicionCampo : "IDENT" ':' tipo . ';'  (16)

	';'  shift 50
	.  error


state 47
	definicionFuncion : "IDENT" '(' parametrosFuncion ')' retorno '{' cuerpo '}' .  (17)

	.  reduce 17


state 48
	definicionVariablesFuncion : definicionVariablesFuncion definicionVariable .  (27)

	.  reduce 27


state 49
	cuerpo : definicionVariablesFuncion sentencias .  (25)
	sentencias : sentencias . sentencia  (29)

	'!'  shift 51
	'('  shift 52
	"IDENT"  shift 53
	"LITERALINT"  shift 54
	"WHILE"  shift 55
	"IF"  shift 56
	"RETURN"  shift 57
	"READ"  shift 58
	"PRINT"  shift 59
	"PRINTSP"  shift 60
	"PRINTLN"  shift 61
	"CAST"  shift 62
	"LITERALREAL"  shift 63
	"LITERALCHAR"  shift 64
	'}'  reduce 25

	sentencia  goto 65
	expresion  goto 66


state 50
	definicionCampo : "IDENT" ':' tipo ';' .  (16)

	.  reduce 16


state 51
	expresion : '!' . expresion  (62)

	'!'  shift 51
	'('  shift 52
	"IDENT"  shift 67
	"LITERALINT"  shift 54
	"CAST"  shift 62
	"LITERALREAL"  shift 63
	"LITERALCHAR"  shift 64
	.  error

	expresion  goto 68


state 52
	expresion : '(' . expresion ')'  (41)

	'!'  shift 51
	'('  shift 52
	"IDENT"  shift 67
	"LITERALINT"  shift 54
	"CAST"  shift 62
	"LITERALREAL"  shift 63
	"LITERALCHAR"  shift 64
	.  error

	expresion  goto 69


state 53
	sentencia : "IDENT" . '(' argumentosLlamadaFuncion ')' ';'  (39)
	expresion : "IDENT" .  (58)
	expresion : "IDENT" . '(' argumentosLlamadaFuncion ')'  (59)

	'('  shift 70
	'<'  reduce 58
	'>'  reduce 58
	"IGUAL"  reduce 58
	"DISTINTO"  reduce 58
	"MENORIGUAL"  reduce 58
	"MAYORIGUAL"  reduce 58
	"OR"  reduce 58
	"AND"  reduce 58
	'+'  reduce 58
	'-'  reduce 58
	'*'  reduce 58
	'/'  reduce 58
	'['  reduce 58
	'.'  reduce 58
	'='  reduce 58


state 54
	expresion : "LITERALINT" .  (55)

	.  reduce 55


state 55
	sentencia : "WHILE" . '(' expresion ')' '{' sentencias '}'  (30)

	'('  shift 71
	.  error


state 56
	sentencia : "IF" . '(' expresion ')' '{' sentencias '}'  (31)
	sentencia : "IF" . '(' expresion ')' '{' sentencias '}' "ELSE" '{' sentencias '}'  (32)

	'('  shift 72
	.  error


state 57
	sentencia : "RETURN" . ';'  (33)
	sentencia : "RETURN" . expresion ';'  (34)

	'!'  shift 51
	';'  shift 73
	'('  shift 52
	"IDENT"  shift 67
	"LITERALINT"  shift 54
	"CAST"  shift 62
	"LITERALREAL"  shift 63
	"LITERALCHAR"  shift 64
	.  error

	expresion  goto 74


state 58
	sentencia : "READ" . expresion ';'  (35)

	'!'  shift 51
	'('  shift 52
	"IDENT"  shift 67
	"LITERALINT"  shift 54
	"CAST"  shift 62
	"LITERALREAL"  shift 63
	"LITERALCHAR"  shift 64
	.  error

	expresion  goto 75


state 59
	sentencia : "PRINT" . expresion ';'  (36)

	'!'  shift 51
	'('  shift 52
	"IDENT"  shift 67
	"LITERALINT"  shift 54
	"CAST"  shift 62
	"LITERALREAL"  shift 63
	"LITERALCHAR"  shift 64
	.  error

	expresion  goto 76


state 60
	sentencia : "PRINTSP" . expresion ';'  (37)

	'!'  shift 51
	'('  shift 52
	"IDENT"  shift 67
	"LITERALINT"  shift 54
	"CAST"  shift 62
	"LITERALREAL"  shift 63
	"LITERALCHAR"  shift 64
	.  error

	expresion  goto 77


state 61
	sentencia : "PRINTLN" . expresion ';'  (38)

	'!'  shift 51
	'('  shift 52
	"IDENT"  shift 67
	"LITERALINT"  shift 54
	"CAST"  shift 62
	"LITERALREAL"  shift 63
	"LITERALCHAR"  shift 64
	.  error

	expresion  goto 78


state 62
	expresion : "CAST" . '<' tipo '>' '(' expresion ')'  (54)

	'<'  shift 79
	.  error


state 63
	expresion : "LITERALREAL" .  (56)

	.  reduce 56


state 64
	expresion : "LITERALCHAR" .  (57)

	.  reduce 57


state 65
	sentencias : sentencias sentencia .  (29)

	.  reduce 29


state 66
	sentencia : expresion . '=' expresion ';'  (40)
	expresion : expresion . '+' expresion  (42)
	expresion : expresion . '-' expresion  (43)
	expresion : expresion . '*' expresion  (44)
	expresion : expresion . '/' expresion  (45)
	expresion : expresion . '>' expresion  (46)
	expresion : expresion . '<' expresion  (47)
	expresion : expresion . "IGUAL" expresion  (48)
	expresion : expresion . "AND" expresion  (49)
	expresion : expresion . "OR" expresion  (50)
	expresion : expresion . "MAYORIGUAL" expresion  (51)
	expresion : expresion . "DISTINTO" expresion  (52)
	expresion : expresion . "MENORIGUAL" expresion  (53)
	expresion : expresion . '[' expresion ']'  (60)
	expresion : expresion . '.' "IDENT"  (61)

	'<'  shift 80
	'>'  shift 81
	"IGUAL"  shift 82
	"DISTINTO"  shift 83
	"MENORIGUAL"  shift 84
	"MAYORIGUAL"  shift 85
	"OR"  shift 86
	"AND"  shift 87
	'+'  shift 88
	'-'  shift 89
	'*'  shift 90
	'/'  shift 91
	'['  shift 92
	'.'  shift 93
	'='  shift 94
	.  error


state 67
	expresion : "IDENT" .  (58)
	expresion : "IDENT" . '(' argumentosLlamadaFuncion ')'  (59)

	'('  shift 95
	'<'  reduce 58
	'>'  reduce 58
	"IGUAL"  reduce 58
	"DISTINTO"  reduce 58
	"MENORIGUAL"  reduce 58
	"MAYORIGUAL"  reduce 58
	"OR"  reduce 58
	"AND"  reduce 58
	'+'  reduce 58
	'-'  reduce 58
	'*'  reduce 58
	'/'  reduce 58
	'['  reduce 58
	']'  reduce 58
	'.'  reduce 58
	','  reduce 58
	';'  reduce 58
	')'  reduce 58
	'='  reduce 58


state 68
	expresion : expresion . '+' expresion  (42)
	expresion : expresion . '-' expresion  (43)
	expresion : expresion . '*' expresion  (44)
	expresion : expresion . '/' expresion  (45)
	expresion : expresion . '>' expresion  (46)
	expresion : expresion . '<' expresion  (47)
	expresion : expresion . "IGUAL" expresion  (48)
	expresion : expresion . "AND" expresion  (49)
	expresion : expresion . "OR" expresion  (50)
	expresion : expresion . "MAYORIGUAL" expresion  (51)
	expresion : expresion . "DISTINTO" expresion  (52)
	expresion : expresion . "MENORIGUAL" expresion  (53)
	expresion : expresion . '[' expresion ']'  (60)
	expresion : expresion . '.' "IDENT"  (61)
	expresion : '!' expresion .  (62)

	'+'  shift 88
	'-'  shift 89
	'*'  shift 90
	'/'  shift 91
	'['  shift 92
	'.'  shift 93
	'<'  reduce 62
	'>'  reduce 62
	"IGUAL"  reduce 62
	"DISTINTO"  reduce 62
	"MENORIGUAL"  reduce 62
	"MAYORIGUAL"  reduce 62
	"OR"  reduce 62
	"AND"  reduce 62
	']'  reduce 62
	','  reduce 62
	';'  reduce 62
	')'  reduce 62
	'='  reduce 62


state 69
	expresion : '(' expresion . ')'  (41)
	expresion : expresion . '+' expresion  (42)
	expresion : expresion . '-' expresion  (43)
	expresion : expresion . '*' expresion  (44)
	expresion : expresion . '/' expresion  (45)
	expresion : expresion . '>' expresion  (46)
	expresion : expresion . '<' expresion  (47)
	expresion : expresion . "IGUAL" expresion  (48)
	expresion : expresion . "AND" expresion  (49)
	expresion : expresion . "OR" expresion  (50)
	expresion : expresion . "MAYORIGUAL" expresion  (51)
	expresion : expresion . "DISTINTO" expresion  (52)
	expresion : expresion . "MENORIGUAL" expresion  (53)
	expresion : expresion . '[' expresion ']'  (60)
	expresion : expresion . '.' "IDENT"  (61)

	'<'  shift 80
	'>'  shift 81
	"IGUAL"  shift 82
	"DISTINTO"  shift 83
	"MENORIGUAL"  shift 84
	"MAYORIGUAL"  shift 85
	"OR"  shift 86
	"AND"  shift 87
	'+'  shift 88
	'-'  shift 89
	'*'  shift 90
	'/'  shift 91
	'['  shift 92
	'.'  shift 93
	')'  shift 96
	.  error


state 70
	sentencia : "IDENT" '(' . argumentosLlamadaFuncion ')' ';'  (39)
	expresion : "IDENT" '(' . argumentosLlamadaFuncion ')'  (59)
	argumentosLlamadaFuncion : .  (63)

	'!'  shift 51
	'('  shift 52
	"IDENT"  shift 67
	"LITERALINT"  shift 54
	"CAST"  shift 62
	"LITERALREAL"  shift 63
	"LITERALCHAR"  shift 64
	')'  reduce 63

	expresion  goto 97
	argumentosLlamadaFuncion  goto 98
	argumentoLlamadaFuncion  goto 99


state 71
	sentencia : "WHILE" '(' . expresion ')' '{' sentencias '}'  (30)

	'!'  shift 51
	'('  shift 52
	"IDENT"  shift 67
	"LITERALINT"  shift 54
	"CAST"  shift 62
	"LITERALREAL"  shift 63
	"LITERALCHAR"  shift 64
	.  error

	expresion  goto 100


state 72
	sentencia : "IF" '(' . expresion ')' '{' sentencias '}'  (31)
	sentencia : "IF" '(' . expresion ')' '{' sentencias '}' "ELSE" '{' sentencias '}'  (32)

	'!'  shift 51
	'('  shift 52
	"IDENT"  shift 67
	"LITERALINT"  shift 54
	"CAST"  shift 62
	"LITERALREAL"  shift 63
	"LITERALCHAR"  shift 64
	.  error

	expresion  goto 101


state 73
	sentencia : "RETURN" ';' .  (33)

	.  reduce 33


state 74
	sentencia : "RETURN" expresion . ';'  (34)
	expresion : expresion . '+' expresion  (42)
	expresion : expresion . '-' expresion  (43)
	expresion : expresion . '*' expresion  (44)
	expresion : expresion . '/' expresion  (45)
	expresion : expresion . '>' expresion  (46)
	expresion : expresion . '<' expresion  (47)
	expresion : expresion . "IGUAL" expresion  (48)
	expresion : expresion . "AND" expresion  (49)
	expresion : expresion . "OR" expresion  (50)
	expresion : expresion . "MAYORIGUAL" expresion  (51)
	expresion : expresion . "DISTINTO" expresion  (52)
	expresion : expresion . "MENORIGUAL" expresion  (53)
	expresion : expresion . '[' expresion ']'  (60)
	expresion : expresion . '.' "IDENT"  (61)

	'<'  shift 80
	'>'  shift 81
	"IGUAL"  shift 82
	"DISTINTO"  shift 83
	"MENORIGUAL"  shift 84
	"MAYORIGUAL"  shift 85
	"OR"  shift 86
	"AND"  shift 87
	'+'  shift 88
	'-'  shift 89
	'*'  shift 90
	'/'  shift 91
	'['  shift 92
	'.'  shift 93
	';'  shift 102
	.  error


state 75
	sentencia : "READ" expresion . ';'  (35)
	expresion : expresion . '+' expresion  (42)
	expresion : expresion . '-' expresion  (43)
	expresion : expresion . '*' expresion  (44)
	expresion : expresion . '/' expresion  (45)
	expresion : expresion . '>' expresion  (46)
	expresion : expresion . '<' expresion  (47)
	expresion : expresion . "IGUAL" expresion  (48)
	expresion : expresion . "AND" expresion  (49)
	expresion : expresion . "OR" expresion  (50)
	expresion : expresion . "MAYORIGUAL" expresion  (51)
	expresion : expresion . "DISTINTO" expresion  (52)
	expresion : expresion . "MENORIGUAL" expresion  (53)
	expresion : expresion . '[' expresion ']'  (60)
	expresion : expresion . '.' "IDENT"  (61)

	'<'  shift 80
	'>'  shift 81
	"IGUAL"  shift 82
	"DISTINTO"  shift 83
	"MENORIGUAL"  shift 84
	"MAYORIGUAL"  shift 85
	"OR"  shift 86
	"AND"  shift 87
	'+'  shift 88
	'-'  shift 89
	'*'  shift 90
	'/'  shift 91
	'['  shift 92
	'.'  shift 93
	';'  shift 103
	.  error


state 76
	sentencia : "PRINT" expresion . ';'  (36)
	expresion : expresion . '+' expresion  (42)
	expresion : expresion . '-' expresion  (43)
	expresion : expresion . '*' expresion  (44)
	expresion : expresion . '/' expresion  (45)
	expresion : expresion . '>' expresion  (46)
	expresion : expresion . '<' expresion  (47)
	expresion : expresion . "IGUAL" expresion  (48)
	expresion : expresion . "AND" expresion  (49)
	expresion : expresion . "OR" expresion  (50)
	expresion : expresion . "MAYORIGUAL" expresion  (51)
	expresion : expresion . "DISTINTO" expresion  (52)
	expresion : expresion . "MENORIGUAL" expresion  (53)
	expresion : expresion . '[' expresion ']'  (60)
	expresion : expresion . '.' "IDENT"  (61)

	'<'  shift 80
	'>'  shift 81
	"IGUAL"  shift 82
	"DISTINTO"  shift 83
	"MENORIGUAL"  shift 84
	"MAYORIGUAL"  shift 85
	"OR"  shift 86
	"AND"  shift 87
	'+'  shift 88
	'-'  shift 89
	'*'  shift 90
	'/'  shift 91
	'['  shift 92
	'.'  shift 93
	';'  shift 104
	.  error


state 77
	sentencia : "PRINTSP" expresion . ';'  (37)
	expresion : expresion . '+' expresion  (42)
	expresion : expresion . '-' expresion  (43)
	expresion : expresion . '*' expresion  (44)
	expresion : expresion . '/' expresion  (45)
	expresion : expresion . '>' expresion  (46)
	expresion : expresion . '<' expresion  (47)
	expresion : expresion . "IGUAL" expresion  (48)
	expresion : expresion . "AND" expresion  (49)
	expresion : expresion . "OR" expresion  (50)
	expresion : expresion . "MAYORIGUAL" expresion  (51)
	expresion : expresion . "DISTINTO" expresion  (52)
	expresion : expresion . "MENORIGUAL" expresion  (53)
	expresion : expresion . '[' expresion ']'  (60)
	expresion : expresion . '.' "IDENT"  (61)

	'<'  shift 80
	'>'  shift 81
	"IGUAL"  shift 82
	"DISTINTO"  shift 83
	"MENORIGUAL"  shift 84
	"MAYORIGUAL"  shift 85
	"OR"  shift 86
	"AND"  shift 87
	'+'  shift 88
	'-'  shift 89
	'*'  shift 90
	'/'  shift 91
	'['  shift 92
	'.'  shift 93
	';'  shift 105
	.  error


state 78
	sentencia : "PRINTLN" expresion . ';'  (38)
	expresion : expresion . '+' expresion  (42)
	expresion : expresion . '-' expresion  (43)
	expresion : expresion . '*' expresion  (44)
	expresion : expresion . '/' expresion  (45)
	expresion : expresion . '>' expresion  (46)
	expresion : expresion . '<' expresion  (47)
	expresion : expresion . "IGUAL" expresion  (48)
	expresion : expresion . "AND" expresion  (49)
	expresion : expresion . "OR" expresion  (50)
	expresion : expresion . "MAYORIGUAL" expresion  (51)
	expresion : expresion . "DISTINTO" expresion  (52)
	expresion : expresion . "MENORIGUAL" expresion  (53)
	expresion : expresion . '[' expresion ']'  (60)
	expresion : expresion . '.' "IDENT"  (61)

	'<'  shift 80
	'>'  shift 81
	"IGUAL"  shift 82
	"DISTINTO"  shift 83
	"MENORIGUAL"  shift 84
	"MAYORIGUAL"  shift 85
	"OR"  shift 86
	"AND"  shift 87
	'+'  shift 88
	'-'  shift 89
	'*'  shift 90
	'/'  shift 91
	'['  shift 92
	'.'  shift 93
	';'  shift 106
	.  error


state 79
	expresion : "CAST" '<' . tipo '>' '(' expresion ')'  (54)

	'['  shift 19
	"IDENT"  shift 20
	"INT"  shift 21
	"REAL"  shift 22
	"CHARACTER"  shift 23
	.  error

	tipo  goto 107


state 80
	expresion : expresion '<' . expresion  (47)

	'!'  shift 51
	'('  shift 52
	"IDENT"  shift 67
	"LITERALINT"  shift 54
	"CAST"  shift 62
	"LITERALREAL"  shift 63
	"LITERALCHAR"  shift 64
	.  error

	expresion  goto 108


state 81
	expresion : expresion '>' . expresion  (46)

	'!'  shift 51
	'('  shift 52
	"IDENT"  shift 67
	"LITERALINT"  shift 54
	"CAST"  shift 62
	"LITERALREAL"  shift 63
	"LITERALCHAR"  shift 64
	.  error

	expresion  goto 109


state 82
	expresion : expresion "IGUAL" . expresion  (48)

	'!'  shift 51
	'('  shift 52
	"IDENT"  shift 67
	"LITERALINT"  shift 54
	"CAST"  shift 62
	"LITERALREAL"  shift 63
	"LITERALCHAR"  shift 64
	.  error

	expresion  goto 110


state 83
	expresion : expresion "DISTINTO" . expresion  (52)

	'!'  shift 51
	'('  shift 52
	"IDENT"  shift 67
	"LITERALINT"  shift 54
	"CAST"  shift 62
	"LITERALREAL"  shift 63
	"LITERALCHAR"  shift 64
	.  error

	expresion  goto 111


state 84
	expresion : expresion "MENORIGUAL" . expresion  (53)

	'!'  shift 51
	'('  shift 52
	"IDENT"  shift 67
	"LITERALINT"  shift 54
	"CAST"  shift 62
	"LITERALREAL"  shift 63
	"LITERALCHAR"  shift 64
	.  error

	expresion  goto 112


state 85
	expresion : expresion "MAYORIGUAL" . expresion  (51)

	'!'  shift 51
	'('  shift 52
	"IDENT"  shift 67
	"LITERALINT"  shift 54
	"CAST"  shift 62
	"LITERALREAL"  shift 63
	"LITERALCHAR"  shift 64
	.  error

	expresion  goto 113


state 86
	expresion : expresion "OR" . expresion  (50)

	'!'  shift 51
	'('  shift 52
	"IDENT"  shift 67
	"LITERALINT"  shift 54
	"CAST"  shift 62
	"LITERALREAL"  shift 63
	"LITERALCHAR"  shift 64
	.  error

	expresion  goto 114


state 87
	expresion : expresion "AND" . expresion  (49)

	'!'  shift 51
	'('  shift 52
	"IDENT"  shift 67
	"LITERALINT"  shift 54
	"CAST"  shift 62
	"LITERALREAL"  shift 63
	"LITERALCHAR"  shift 64
	.  error

	expresion  goto 115


state 88
	expresion : expresion '+' . expresion  (42)

	'!'  shift 51
	'('  shift 52
	"IDENT"  shift 67
	"LITERALINT"  shift 54
	"CAST"  shift 62
	"LITERALREAL"  shift 63
	"LITERALCHAR"  shift 64
	.  error

	expresion  goto 116


state 89
	expresion : expresion '-' . expresion  (43)

	'!'  shift 51
	'('  shift 52
	"IDENT"  shift 67
	"LITERALINT"  shift 54
	"CAST"  shift 62
	"LITERALREAL"  shift 63
	"LITERALCHAR"  shift 64
	.  error

	expresion  goto 117


state 90
	expresion : expresion '*' . expresion  (44)

	'!'  shift 51
	'('  shift 52
	"IDENT"  shift 67
	"LITERALINT"  shift 54
	"CAST"  shift 62
	"LITERALREAL"  shift 63
	"LITERALCHAR"  shift 64
	.  error

	expresion  goto 118


state 91
	expresion : expresion '/' . expresion  (45)

	'!'  shift 51
	'('  shift 52
	"IDENT"  shift 67
	"LITERALINT"  shift 54
	"CAST"  shift 62
	"LITERALREAL"  shift 63
	"LITERALCHAR"  shift 64
	.  error

	expresion  goto 119


state 92
	expresion : expresion '[' . expresion ']'  (60)

	'!'  shift 51
	'('  shift 52
	"IDENT"  shift 67
	"LITERALINT"  shift 54
	"CAST"  shift 62
	"LITERALREAL"  shift 63
	"LITERALCHAR"  shift 64
	.  error

	expresion  goto 120


state 93
	expresion : expresion '.' . "IDENT"  (61)

	"IDENT"  shift 121
	.  error


state 94
	sentencia : expresion '=' . expresion ';'  (40)

	'!'  shift 51
	'('  shift 52
	"IDENT"  shift 67
	"LITERALINT"  shift 54
	"CAST"  shift 62
	"LITERALREAL"  shift 63
	"LITERALCHAR"  shift 64
	.  error

	expresion  goto 122


state 95
	expresion : "IDENT" '(' . argumentosLlamadaFuncion ')'  (59)
	argumentosLlamadaFuncion : .  (63)

	'!'  shift 51
	'('  shift 52
	"IDENT"  shift 67
	"LITERALINT"  shift 54
	"CAST"  shift 62
	"LITERALREAL"  shift 63
	"LITERALCHAR"  shift 64
	')'  reduce 63

	expresion  goto 97
	argumentosLlamadaFuncion  goto 123
	argumentoLlamadaFuncion  goto 99


state 96
	expresion : '(' expresion ')' .  (41)

	.  reduce 41


state 97
	expresion : expresion . '+' expresion  (42)
	expresion : expresion . '-' expresion  (43)
	expresion : expresion . '*' expresion  (44)
	expresion : expresion . '/' expresion  (45)
	expresion : expresion . '>' expresion  (46)
	expresion : expresion . '<' expresion  (47)
	expresion : expresion . "IGUAL" expresion  (48)
	expresion : expresion . "AND" expresion  (49)
	expresion : expresion . "OR" expresion  (50)
	expresion : expresion . "MAYORIGUAL" expresion  (51)
	expresion : expresion . "DISTINTO" expresion  (52)
	expresion : expresion . "MENORIGUAL" expresion  (53)
	expresion : expresion . '[' expresion ']'  (60)
	expresion : expresion . '.' "IDENT"  (61)
	argumentoLlamadaFuncion : expresion .  (65)

	'<'  shift 80
	'>'  shift 81
	"IGUAL"  shift 82
	"DISTINTO"  shift 83
	"MENORIGUAL"  shift 84
	"MAYORIGUAL"  shift 85
	"OR"  shift 86
	"AND"  shift 87
	'+'  shift 88
	'-'  shift 89
	'*'  shift 90
	'/'  shift 91
	'['  shift 92
	'.'  shift 93
	','  reduce 65
	')'  reduce 65


state 98
	sentencia : "IDENT" '(' argumentosLlamadaFuncion . ')' ';'  (39)
	expresion : "IDENT" '(' argumentosLlamadaFuncion . ')'  (59)

	')'  shift 124
	.  error


state 99
	argumentosLlamadaFuncion : argumentoLlamadaFuncion .  (64)
	argumentoLlamadaFuncion : argumentoLlamadaFuncion . ',' expresion  (66)

	','  shift 125
	')'  reduce 64


state 100
	sentencia : "WHILE" '(' expresion . ')' '{' sentencias '}'  (30)
	expresion : expresion . '+' expresion  (42)
	expresion : expresion . '-' expresion  (43)
	expresion : expresion . '*' expresion  (44)
	expresion : expresion . '/' expresion  (45)
	expresion : expresion . '>' expresion  (46)
	expresion : expresion . '<' expresion  (47)
	expresion : expresion . "IGUAL" expresion  (48)
	expresion : expresion . "AND" expresion  (49)
	expresion : expresion . "OR" expresion  (50)
	expresion : expresion . "MAYORIGUAL" expresion  (51)
	expresion : expresion . "DISTINTO" expresion  (52)
	expresion : expresion . "MENORIGUAL" expresion  (53)
	expresion : expresion . '[' expresion ']'  (60)
	expresion : expresion . '.' "IDENT"  (61)

	'<'  shift 80
	'>'  shift 81
	"IGUAL"  shift 82
	"DISTINTO"  shift 83
	"MENORIGUAL"  shift 84
	"MAYORIGUAL"  shift 85
	"OR"  shift 86
	"AND"  shift 87
	'+'  shift 88
	'-'  shift 89
	'*'  shift 90
	'/'  shift 91
	'['  shift 92
	'.'  shift 93
	')'  shift 126
	.  error


state 101
	sentencia : "IF" '(' expresion . ')' '{' sentencias '}'  (31)
	sentencia : "IF" '(' expresion . ')' '{' sentencias '}' "ELSE" '{' sentencias '}'  (32)
	expresion : expresion . '+' expresion  (42)
	expresion : expresion . '-' expresion  (43)
	expresion : expresion . '*' expresion  (44)
	expresion : expresion . '/' expresion  (45)
	expresion : expresion . '>' expresion  (46)
	expresion : expresion . '<' expresion  (47)
	expresion : expresion . "IGUAL" expresion  (48)
	expresion : expresion . "AND" expresion  (49)
	expresion : expresion . "OR" expresion  (50)
	expresion : expresion . "MAYORIGUAL" expresion  (51)
	expresion : expresion . "DISTINTO" expresion  (52)
	expresion : expresion . "MENORIGUAL" expresion  (53)
	expresion : expresion . '[' expresion ']'  (60)
	expresion : expresion . '.' "IDENT"  (61)

	'<'  shift 80
	'>'  shift 81
	"IGUAL"  shift 82
	"DISTINTO"  shift 83
	"MENORIGUAL"  shift 84
	"MAYORIGUAL"  shift 85
	"OR"  shift 86
	"AND"  shift 87
	'+'  shift 88
	'-'  shift 89
	'*'  shift 90
	'/'  shift 91
	'['  shift 92
	'.'  shift 93
	')'  shift 127
	.  error


state 102
	sentencia : "RETURN" expresion ';' .  (34)

	.  reduce 34


state 103
	sentencia : "READ" expresion ';' .  (35)

	.  reduce 35


state 104
	sentencia : "PRINT" expresion ';' .  (36)

	.  reduce 36


state 105
	sentencia : "PRINTSP" expresion ';' .  (37)

	.  reduce 37


state 106
	sentencia : "PRINTLN" expresion ';' .  (38)

	.  reduce 38


state 107
	expresion : "CAST" '<' tipo . '>' '(' expresion ')'  (54)

	'>'  shift 128
	.  error


state 108
	expresion : expresion . '+' expresion  (42)
	expresion : expresion . '-' expresion  (43)
	expresion : expresion . '*' expresion  (44)
	expresion : expresion . '/' expresion  (45)
	expresion : expresion . '>' expresion  (46)
	expresion : expresion . '<' expresion  (47)
	expresion : expresion '<' expresion .  (47)
	expresion : expresion . "IGUAL" expresion  (48)
	expresion : expresion . "AND" expresion  (49)
	expresion : expresion . "OR" expresion  (50)
	expresion : expresion . "MAYORIGUAL" expresion  (51)
	expresion : expresion . "DISTINTO" expresion  (52)
	expresion : expresion . "MENORIGUAL" expresion  (53)
	expresion : expresion . '[' expresion ']'  (60)
	expresion : expresion . '.' "IDENT"  (61)

	'+'  shift 88
	'-'  shift 89
	'*'  shift 90
	'/'  shift 91
	'['  shift 92
	'.'  shift 93
	'<'  reduce 47
	'>'  reduce 47
	"IGUAL"  reduce 47
	"DISTINTO"  reduce 47
	"MENORIGUAL"  reduce 47
	"MAYORIGUAL"  reduce 47
	"OR"  reduce 47
	"AND"  reduce 47
	']'  reduce 47
	','  reduce 47
	';'  reduce 47
	')'  reduce 47
	'='  reduce 47


state 109
	expresion : expresion . '+' expresion  (42)
	expresion : expresion . '-' expresion  (43)
	expresion : expresion . '*' expresion  (44)
	expresion : expresion . '/' expresion  (45)
	expresion : expresion . '>' expresion  (46)
	expresion : expresion '>' expresion .  (46)
	expresion : expresion . '<' expresion  (47)
	expresion : expresion . "IGUAL" expresion  (48)
	expresion : expresion . "AND" expresion  (49)
	expresion : expresion . "OR" expresion  (50)
	expresion : expresion . "MAYORIGUAL" expresion  (51)
	expresion : expresion . "DISTINTO" expresion  (52)
	expresion : expresion . "MENORIGUAL" expresion  (53)
	expresion : expresion . '[' expresion ']'  (60)
	expresion : expresion . '.' "IDENT"  (61)

	'+'  shift 88
	'-'  shift 89
	'*'  shift 90
	'/'  shift 91
	'['  shift 92
	'.'  shift 93
	'<'  reduce 46
	'>'  reduce 46
	"IGUAL"  reduce 46
	"DISTINTO"  reduce 46
	"MENORIGUAL"  reduce 46
	"MAYORIGUAL"  reduce 46
	"OR"  reduce 46
	"AND"  reduce 46
	']'  reduce 46
	','  reduce 46
	';'  reduce 46
	')'  reduce 46
	'='  reduce 46


state 110
	expresion : expresion . '+' expresion  (42)
	expresion : expresion . '-' expresion  (43)
	expresion : expresion . '*' expresion  (44)
	expresion : expresion . '/' expresion  (45)
	expresion : expresion . '>' expresion  (46)
	expresion : expresion . '<' expresion  (47)
	expresion : expresion . "IGUAL" expresion  (48)
	expresion : expresion "IGUAL" expresion .  (48)
	expresion : expresion . "AND" expresion  (49)
	expresion : expresion . "OR" expresion  (50)
	expresion : expresion . "MAYORIGUAL" expresion  (51)
	expresion : expresion . "DISTINTO" expresion  (52)
	expresion : expresion . "MENORIGUAL" expresion  (53)
	expresion : expresion . '[' expresion ']'  (60)
	expresion : expresion . '.' "IDENT"  (61)

	'+'  shift 88
	'-'  shift 89
	'*'  shift 90
	'/'  shift 91
	'['  shift 92
	'.'  shift 93
	'<'  reduce 48
	'>'  reduce 48
	"IGUAL"  reduce 48
	"DISTINTO"  reduce 48
	"MENORIGUAL"  reduce 48
	"MAYORIGUAL"  reduce 48
	"OR"  reduce 48
	"AND"  reduce 48
	']'  reduce 48
	','  reduce 48
	';'  reduce 48
	')'  reduce 48
	'='  reduce 48


state 111
	expresion : expresion . '+' expresion  (42)
	expresion : expresion . '-' expresion  (43)
	expresion : expresion . '*' expresion  (44)
	expresion : expresion . '/' expresion  (45)
	expresion : expresion . '>' expresion  (46)
	expresion : expresion . '<' expresion  (47)
	expresion : expresion . "IGUAL" expresion  (48)
	expresion : expresion . "AND" expresion  (49)
	expresion : expresion . "OR" expresion  (50)
	expresion : expresion . "MAYORIGUAL" expresion  (51)
	expresion : expresion . "DISTINTO" expresion  (52)
	expresion : expresion "DISTINTO" expresion .  (52)
	expresion : expresion . "MENORIGUAL" expresion  (53)
	expresion : expresion . '[' expresion ']'  (60)
	expresion : expresion . '.' "IDENT"  (61)

	'+'  shift 88
	'-'  shift 89
	'*'  shift 90
	'/'  shift 91
	'['  shift 92
	'.'  shift 93
	'<'  reduce 52
	'>'  reduce 52
	"IGUAL"  reduce 52
	"DISTINTO"  reduce 52
	"MENORIGUAL"  reduce 52
	"MAYORIGUAL"  reduce 52
	"OR"  reduce 52
	"AND"  reduce 52
	']'  reduce 52
	','  reduce 52
	';'  reduce 52
	')'  reduce 52
	'='  reduce 52


state 112
	expresion : expresion . '+' expresion  (42)
	expresion : expresion . '-' expresion  (43)
	expresion : expresion . '*' expresion  (44)
	expresion : expresion . '/' expresion  (45)
	expresion : expresion . '>' expresion  (46)
	expresion : expresion . '<' expresion  (47)
	expresion : expresion . "IGUAL" expresion  (48)
	expresion : expresion . "AND" expresion  (49)
	expresion : expresion . "OR" expresion  (50)
	expresion : expresion . "MAYORIGUAL" expresion  (51)
	expresion : expresion . "DISTINTO" expresion  (52)
	expresion : expresion . "MENORIGUAL" expresion  (53)
	expresion : expresion "MENORIGUAL" expresion .  (53)
	expresion : expresion . '[' expresion ']'  (60)
	expresion : expresion . '.' "IDENT"  (61)

	'+'  shift 88
	'-'  shift 89
	'*'  shift 90
	'/'  shift 91
	'['  shift 92
	'.'  shift 93
	'<'  reduce 53
	'>'  reduce 53
	"IGUAL"  reduce 53
	"DISTINTO"  reduce 53
	"MENORIGUAL"  reduce 53
	"MAYORIGUAL"  reduce 53
	"OR"  reduce 53
	"AND"  reduce 53
	']'  reduce 53
	','  reduce 53
	';'  reduce 53
	')'  reduce 53
	'='  reduce 53


state 113
	expresion : expresion . '+' expresion  (42)
	expresion : expresion . '-' expresion  (43)
	expresion : expresion . '*' expresion  (44)
	expresion : expresion . '/' expresion  (45)
	expresion : expresion . '>' expresion  (46)
	expresion : expresion . '<' expresion  (47)
	expresion : expresion . "IGUAL" expresion  (48)
	expresion : expresion . "AND" expresion  (49)
	expresion : expresion . "OR" expresion  (50)
	expresion : expresion . "MAYORIGUAL" expresion  (51)
	expresion : expresion "MAYORIGUAL" expresion .  (51)
	expresion : expresion . "DISTINTO" expresion  (52)
	expresion : expresion . "MENORIGUAL" expresion  (53)
	expresion : expresion . '[' expresion ']'  (60)
	expresion : expresion . '.' "IDENT"  (61)

	'+'  shift 88
	'-'  shift 89
	'*'  shift 90
	'/'  shift 91
	'['  shift 92
	'.'  shift 93
	'<'  reduce 51
	'>'  reduce 51
	"IGUAL"  reduce 51
	"DISTINTO"  reduce 51
	"MENORIGUAL"  reduce 51
	"MAYORIGUAL"  reduce 51
	"OR"  reduce 51
	"AND"  reduce 51
	']'  reduce 51
	','  reduce 51
	';'  reduce 51
	')'  reduce 51
	'='  reduce 51


state 114
	expresion : expresion . '+' expresion  (42)
	expresion : expresion . '-' expresion  (43)
	expresion : expresion . '*' expresion  (44)
	expresion : expresion . '/' expresion  (45)
	expresion : expresion . '>' expresion  (46)
	expresion : expresion . '<' expresion  (47)
	expresion : expresion . "IGUAL" expresion  (48)
	expresion : expresion . "AND" expresion  (49)
	expresion : expresion . "OR" expresion  (50)
	expresion : expresion "OR" expresion .  (50)
	expresion : expresion . "MAYORIGUAL" expresion  (51)
	expresion : expresion . "DISTINTO" expresion  (52)
	expresion : expresion . "MENORIGUAL" expresion  (53)
	expresion : expresion . '[' expresion ']'  (60)
	expresion : expresion . '.' "IDENT"  (61)

	'+'  shift 88
	'-'  shift 89
	'*'  shift 90
	'/'  shift 91
	'['  shift 92
	'.'  shift 93
	'<'  reduce 50
	'>'  reduce 50
	"IGUAL"  reduce 50
	"DISTINTO"  reduce 50
	"MENORIGUAL"  reduce 50
	"MAYORIGUAL"  reduce 50
	"OR"  reduce 50
	"AND"  reduce 50
	']'  reduce 50
	','  reduce 50
	';'  reduce 50
	')'  reduce 50
	'='  reduce 50


state 115
	expresion : expresion . '+' expresion  (42)
	expresion : expresion . '-' expresion  (43)
	expresion : expresion . '*' expresion  (44)
	expresion : expresion . '/' expresion  (45)
	expresion : expresion . '>' expresion  (46)
	expresion : expresion . '<' expresion  (47)
	expresion : expresion . "IGUAL" expresion  (48)
	expresion : expresion . "AND" expresion  (49)
	expresion : expresion "AND" expresion .  (49)
	expresion : expresion . "OR" expresion  (50)
	expresion : expresion . "MAYORIGUAL" expresion  (51)
	expresion : expresion . "DISTINTO" expresion  (52)
	expresion : expresion . "MENORIGUAL" expresion  (53)
	expresion : expresion . '[' expresion ']'  (60)
	expresion : expresion . '.' "IDENT"  (61)

	'+'  shift 88
	'-'  shift 89
	'*'  shift 90
	'/'  shift 91
	'['  shift 92
	'.'  shift 93
	'<'  reduce 49
	'>'  reduce 49
	"IGUAL"  reduce 49
	"DISTINTO"  reduce 49
	"MENORIGUAL"  reduce 49
	"MAYORIGUAL"  reduce 49
	"OR"  reduce 49
	"AND"  reduce 49
	']'  reduce 49
	','  reduce 49
	';'  reduce 49
	')'  reduce 49
	'='  reduce 49


state 116
	expresion : expresion . '+' expresion  (42)
	expresion : expresion '+' expresion .  (42)
	expresion : expresion . '-' expresion  (43)
	expresion : expresion . '*' expresion  (44)
	expresion : expresion . '/' expresion  (45)
	expresion : expresion . '>' expresion  (46)
	expresion : expresion . '<' expresion  (47)
	expresion : expresion . "IGUAL" expresion  (48)
	expresion : expresion . "AND" expresion  (49)
	expresion : expresion . "OR" expresion  (50)
	expresion : expresion . "MAYORIGUAL" expresion  (51)
	expresion : expresion . "DISTINTO" expresion  (52)
	expresion : expresion . "MENORIGUAL" expresion  (53)
	expresion : expresion . '[' expresion ']'  (60)
	expresion : expresion . '.' "IDENT"  (61)

	'*'  shift 90
	'/'  shift 91
	'['  shift 92
	'.'  shift 93
	'<'  reduce 42
	'>'  reduce 42
	"IGUAL"  reduce 42
	"DISTINTO"  reduce 42
	"MENORIGUAL"  reduce 42
	"MAYORIGUAL"  reduce 42
	"OR"  reduce 42
	"AND"  reduce 42
	'+'  reduce 42
	'-'  reduce 42
	']'  reduce 42
	','  reduce 42
	';'  reduce 42
	')'  reduce 42
	'='  reduce 42


state 117
	expresion : expresion . '+' expresion  (42)
	expresion : expresion . '-' expresion  (43)
	expresion : expresion '-' expresion .  (43)
	expresion : expresion . '*' expresion  (44)
	expresion : expresion . '/' expresion  (45)
	expresion : expresion . '>' expresion  (46)
	expresion : expresion . '<' expresion  (47)
	expresion : expresion . "IGUAL" expresion  (48)
	expresion : expresion . "AND" expresion  (49)
	expresion : expresion . "OR" expresion  (50)
	expresion : expresion . "MAYORIGUAL" expresion  (51)
	expresion : expresion . "DISTINTO" expresion  (52)
	expresion : expresion . "MENORIGUAL" expresion  (53)
	expresion : expresion . '[' expresion ']'  (60)
	expresion : expresion . '.' "IDENT"  (61)

	'*'  shift 90
	'/'  shift 91
	'['  shift 92
	'.'  shift 93
	'<'  reduce 43
	'>'  reduce 43
	"IGUAL"  reduce 43
	"DISTINTO"  reduce 43
	"MENORIGUAL"  reduce 43
	"MAYORIGUAL"  reduce 43
	"OR"  reduce 43
	"AND"  reduce 43
	'+'  reduce 43
	'-'  reduce 43
	']'  reduce 43
	','  reduce 43
	';'  reduce 43
	')'  reduce 43
	'='  reduce 43


state 118
	expresion : expresion . '+' expresion  (42)
	expresion : expresion . '-' expresion  (43)
	expresion : expresion . '*' expresion  (44)
	expresion : expresion '*' expresion .  (44)
	expresion : expresion . '/' expresion  (45)
	expresion : expresion . '>' expresion  (46)
	expresion : expresion . '<' expresion  (47)
	expresion : expresion . "IGUAL" expresion  (48)
	expresion : expresion . "AND" expresion  (49)
	expresion : expresion . "OR" expresion  (50)
	expresion : expresion . "MAYORIGUAL" expresion  (51)
	expresion : expresion . "DISTINTO" expresion  (52)
	expresion : expresion . "MENORIGUAL" expresion  (53)
	expresion : expresion . '[' expresion ']'  (60)
	expresion : expresion . '.' "IDENT"  (61)

	'['  shift 92
	'.'  shift 93
	'<'  reduce 44
	'>'  reduce 44
	"IGUAL"  reduce 44
	"DISTINTO"  reduce 44
	"MENORIGUAL"  reduce 44
	"MAYORIGUAL"  reduce 44
	"OR"  reduce 44
	"AND"  reduce 44
	'+'  reduce 44
	'-'  reduce 44
	'*'  reduce 44
	'/'  reduce 44
	']'  reduce 44
	','  reduce 44
	';'  reduce 44
	')'  reduce 44
	'='  reduce 44


state 119
	expresion : expresion . '+' expresion  (42)
	expresion : expresion . '-' expresion  (43)
	expresion : expresion . '*' expresion  (44)
	expresion : expresion . '/' expresion  (45)
	expresion : expresion '/' expresion .  (45)
	expresion : expresion . '>' expresion  (46)
	expresion : expresion . '<' expresion  (47)
	expresion : expresion . "IGUAL" expresion  (48)
	expresion : expresion . "AND" expresion  (49)
	expresion : expresion . "OR" expresion  (50)
	expresion : expresion . "MAYORIGUAL" expresion  (51)
	expresion : expresion . "DISTINTO" expresion  (52)
	expresion : expresion . "MENORIGUAL" expresion  (53)
	expresion : expresion . '[' expresion ']'  (60)
	expresion : expresion . '.' "IDENT"  (61)

	'['  shift 92
	'.'  shift 93
	'<'  reduce 45
	'>'  reduce 45
	"IGUAL"  reduce 45
	"DISTINTO"  reduce 45
	"MENORIGUAL"  reduce 45
	"MAYORIGUAL"  reduce 45
	"OR"  reduce 45
	"AND"  reduce 45
	'+'  reduce 45
	'-'  reduce 45
	'*'  reduce 45
	'/'  reduce 45
	']'  reduce 45
	','  reduce 45
	';'  reduce 45
	')'  reduce 45
	'='  reduce 45


state 120
	expresion : expresion . '+' expresion  (42)
	expresion : expresion . '-' expresion  (43)
	expresion : expresion . '*' expresion  (44)
	expresion : expresion . '/' expresion  (45)
	expresion : expresion . '>' expresion  (46)
	expresion : expresion . '<' expresion  (47)
	expresion : expresion . "IGUAL" expresion  (48)
	expresion : expresion . "AND" expresion  (49)
	expresion : expresion . "OR" expresion  (50)
	expresion : expresion . "MAYORIGUAL" expresion  (51)
	expresion : expresion . "DISTINTO" expresion  (52)
	expresion : expresion . "MENORIGUAL" expresion  (53)
	expresion : expresion . '[' expresion ']'  (60)
	expresion : expresion '[' expresion . ']'  (60)
	expresion : expresion . '.' "IDENT"  (61)

	'<'  shift 80
	'>'  shift 81
	"IGUAL"  shift 82
	"DISTINTO"  shift 83
	"MENORIGUAL"  shift 84
	"MAYORIGUAL"  shift 85
	"OR"  shift 86
	"AND"  shift 87
	'+'  shift 88
	'-'  shift 89
	'*'  shift 90
	'/'  shift 91
	'['  shift 92
	']'  shift 129
	'.'  shift 93
	.  error


state 121
	expresion : expresion '.' "IDENT" .  (61)

	.  reduce 61


state 122
	sentencia : expresion '=' expresion . ';'  (40)
	expresion : expresion . '+' expresion  (42)
	expresion : expresion . '-' expresion  (43)
	expresion : expresion . '*' expresion  (44)
	expresion : expresion . '/' expresion  (45)
	expresion : expresion . '>' expresion  (46)
	expresion : expresion . '<' expresion  (47)
	expresion : expresion . "IGUAL" expresion  (48)
	expresion : expresion . "AND" expresion  (49)
	expresion : expresion . "OR" expresion  (50)
	expresion : expresion . "MAYORIGUAL" expresion  (51)
	expresion : expresion . "DISTINTO" expresion  (52)
	expresion : expresion . "MENORIGUAL" expresion  (53)
	expresion : expresion . '[' expresion ']'  (60)
	expresion : expresion . '.' "IDENT"  (61)

	'<'  shift 80
	'>'  shift 81
	"IGUAL"  shift 82
	"DISTINTO"  shift 83
	"MENORIGUAL"  shift 84
	"MAYORIGUAL"  shift 85
	"OR"  shift 86
	"AND"  shift 87
	'+'  shift 88
	'-'  shift 89
	'*'  shift 90
	'/'  shift 91
	'['  shift 92
	'.'  shift 93
	';'  shift 130
	.  error


state 123
	expresion : "IDENT" '(' argumentosLlamadaFuncion . ')'  (59)

	')'  shift 131
	.  error


state 124
	sentencia : "IDENT" '(' argumentosLlamadaFuncion ')' . ';'  (39)
	expresion : "IDENT" '(' argumentosLlamadaFuncion ')' .  (59)

	';'  shift 132
	'<'  reduce 59
	'>'  reduce 59
	"IGUAL"  reduce 59
	"DISTINTO"  reduce 59
	"MENORIGUAL"  reduce 59
	"MAYORIGUAL"  reduce 59
	"OR"  reduce 59
	"AND"  reduce 59
	'+'  reduce 59
	'-'  reduce 59
	'*'  reduce 59
	'/'  reduce 59
	'['  reduce 59
	'.'  reduce 59
	'='  reduce 59


state 125
	argumentoLlamadaFuncion : argumentoLlamadaFuncion ',' . expresion  (66)

	'!'  shift 51
	'('  shift 52
	"IDENT"  shift 67
	"LITERALINT"  shift 54
	"CAST"  shift 62
	"LITERALREAL"  shift 63
	"LITERALCHAR"  shift 64
	.  error

	expresion  goto 133


state 126
	sentencia : "WHILE" '(' expresion ')' . '{' sentencias '}'  (30)

	'{'  shift 134
	.  error


state 127
	sentencia : "IF" '(' expresion ')' . '{' sentencias '}'  (31)
	sentencia : "IF" '(' expresion ')' . '{' sentencias '}' "ELSE" '{' sentencias '}'  (32)

	'{'  shift 135
	.  error


state 128
	expresion : "CAST" '<' tipo '>' . '(' expresion ')'  (54)

	'('  shift 136
	.  error


state 129
	expresion : expresion '[' expresion ']' .  (60)

	.  reduce 60


state 130
	sentencia : expresion '=' expresion ';' .  (40)

	.  reduce 40


state 131
	expresion : "IDENT" '(' argumentosLlamadaFuncion ')' .  (59)

	.  reduce 59


state 132
	sentencia : "IDENT" '(' argumentosLlamadaFuncion ')' ';' .  (39)

	.  reduce 39


state 133
	expresion : expresion . '+' expresion  (42)
	expresion : expresion . '-' expresion  (43)
	expresion : expresion . '*' expresion  (44)
	expresion : expresion . '/' expresion  (45)
	expresion : expresion . '>' expresion  (46)
	expresion : expresion . '<' expresion  (47)
	expresion : expresion . "IGUAL" expresion  (48)
	expresion : expresion . "AND" expresion  (49)
	expresion : expresion . "OR" expresion  (50)
	expresion : expresion . "MAYORIGUAL" expresion  (51)
	expresion : expresion . "DISTINTO" expresion  (52)
	expresion : expresion . "MENORIGUAL" expresion  (53)
	expresion : expresion . '[' expresion ']'  (60)
	expresion : expresion . '.' "IDENT"  (61)
	argumentoLlamadaFuncion : argumentoLlamadaFuncion ',' expresion .  (66)

	'<'  shift 80
	'>'  shift 81
	"IGUAL"  shift 82
	"DISTINTO"  shift 83
	"MENORIGUAL"  shift 84
	"MAYORIGUAL"  shift 85
	"OR"  shift 86
	"AND"  shift 87
	'+'  shift 88
	'-'  shift 89
	'*'  shift 90
	'/'  shift 91
	'['  shift 92
	'.'  shift 93
	','  reduce 66
	')'  reduce 66


state 134
	sentencia : "WHILE" '(' expresion ')' '{' . sentencias '}'  (30)
	sentencias : .  (28)

	.  reduce 28

	sentencias  goto 137


state 135
	sentencia : "IF" '(' expresion ')' '{' . sentencias '}'  (31)
	sentencia : "IF" '(' expresion ')' '{' . sentencias '}' "ELSE" '{' sentencias '}'  (32)
	sentencias : .  (28)

	.  reduce 28

	sentencias  goto 138


state 136
	expresion : "CAST" '<' tipo '>' '(' . expresion ')'  (54)

	'!'  shift 51
	'('  shift 52
	"IDENT"  shift 67
	"LITERALINT"  shift 54
	"CAST"  shift 62
	"LITERALREAL"  shift 63
	"LITERALCHAR"  shift 64
	.  error

	expresion  goto 139


state 137
	sentencias : sentencias . sentencia  (29)
	sentencia : "WHILE" '(' expresion ')' '{' sentencias . '}'  (30)

	'!'  shift 51
	'('  shift 52
	"IDENT"  shift 53
	"LITERALINT"  shift 54
	'}'  shift 140
	"WHILE"  shift 55
	"IF"  shift 56
	"RETURN"  shift 57
	"READ"  shift 58
	"PRINT"  shift 59
	"PRINTSP"  shift 60
	"PRINTLN"  shift 61
	"CAST"  shift 62
	"LITERALREAL"  shift 63
	"LITERALCHAR"  shift 64
	.  error

	sentencia  goto 65
	expresion  goto 66


state 138
	sentencias : sentencias . sentencia  (29)
	sentencia : "IF" '(' expresion ')' '{' sentencias . '}'  (31)
	sentencia : "IF" '(' expresion ')' '{' sentencias . '}' "ELSE" '{' sentencias '}'  (32)

	'!'  shift 51
	'('  shift 52
	"IDENT"  shift 53
	"LITERALINT"  shift 54
	'}'  shift 141
	"WHILE"  shift 55
	"IF"  shift 56
	"RETURN"  shift 57
	"READ"  shift 58
	"PRINT"  shift 59
	"PRINTSP"  shift 60
	"PRINTLN"  shift 61
	"CAST"  shift 62
	"LITERALREAL"  shift 63
	"LITERALCHAR"  shift 64
	.  error

	sentencia  goto 65
	expresion  goto 66


state 139
	expresion : expresion . '+' expresion  (42)
	expresion : expresion . '-' expresion  (43)
	expresion : expresion . '*' expresion  (44)
	expresion : expresion . '/' expresion  (45)
	expresion : expresion . '>' expresion  (46)
	expresion : expresion . '<' expresion  (47)
	expresion : expresion . "IGUAL" expresion  (48)
	expresion : expresion . "AND" expresion  (49)
	expresion : expresion . "OR" expresion  (50)
	expresion : expresion . "MAYORIGUAL" expresion  (51)
	expresion : expresion . "DISTINTO" expresion  (52)
	expresion : expresion . "MENORIGUAL" expresion  (53)
	expresion : "CAST" '<' tipo '>' '(' expresion . ')'  (54)
	expresion : expresion . '[' expresion ']'  (60)
	expresion : expresion . '.' "IDENT"  (61)

	'<'  shift 80
	'>'  shift 81
	"IGUAL"  shift 82
	"DISTINTO"  shift 83
	"MENORIGUAL"  shift 84
	"MAYORIGUAL"  shift 85
	"OR"  shift 86
	"AND"  shift 87
	'+'  shift 88
	'-'  shift 89
	'*'  shift 90
	'/'  shift 91
	'['  shift 92
	'.'  shift 93
	')'  shift 142
	.  error


state 140
	sentencia : "WHILE" '(' expresion ')' '{' sentencias '}' .  (30)

	.  reduce 30


state 141
	sentencia : "IF" '(' expresion ')' '{' sentencias '}' .  (31)
	sentencia : "IF" '(' expresion ')' '{' sentencias '}' . "ELSE" '{' sentencias '}'  (32)

	"ELSE"  shift 143
	'!'  reduce 31
	'('  reduce 31
	"IDENT"  reduce 31
	"LITERALINT"  reduce 31
	'}'  reduce 31
	"WHILE"  reduce 31
	"IF"  reduce 31
	"RETURN"  reduce 31
	"READ"  reduce 31
	"PRINT"  reduce 31
	"PRINTSP"  reduce 31
	"PRINTLN"  reduce 31
	"CAST"  reduce 31
	"LITERALREAL"  reduce 31
	"LITERALCHAR"  reduce 31


state 142
	expresion : "CAST" '<' tipo '>' '(' expresion ')' .  (54)

	.  reduce 54


state 143
	sentencia : "IF" '(' expresion ')' '{' sentencias '}' "ELSE" . '{' sentencias '}'  (32)

	'{'  shift 144
	.  error


state 144
	sentencia : "IF" '(' expresion ')' '{' sentencias '}' "ELSE" '{' . sentencias '}'  (32)
	sentencias : .  (28)

	.  reduce 28

	sentencias  goto 145


state 145
	sentencias : sentencias . sentencia  (29)
	sentencia : "IF" '(' expresion ')' '{' sentencias '}' "ELSE" '{' sentencias . '}'  (32)

	'!'  shift 51
	'('  shift 52
	"IDENT"  shift 53
	"LITERALINT"  shift 54
	'}'  shift 146
	"WHILE"  shift 55
	"IF"  shift 56
	"RETURN"  shift 57
	"READ"  shift 58
	"PRINT"  shift 59
	"PRINTSP"  shift 60
	"PRINTLN"  shift 61
	"CAST"  shift 62
	"LITERALREAL"  shift 63
	"LITERALCHAR"  shift 64
	.  error

	sentencia  goto 65
	expresion  goto 66


state 146
	sentencia : "IF" '(' expresion ')' '{' sentencias '}' "ELSE" '{' sentencias '}' .  (32)

	.  reduce 32


44 terminals, 21 nonterminals
67 grammar rules, 147 states
